warning: No primary key found
  --> $DIR/sql_table.rs:40:8
   |
40 | struct Table<'a> {
   |        ^^^^^

error: use of unsupported type name `& 'a str`
  --> $DIR/sql_table.rs:42:13
   |
42 |     string: &'a str,
   |             ^^^^^^^

error: use of unsupported type name `Connection`
  --> $DIR/sql_table.rs:44:17
   |
44 |     connection: Connection,
   |                 ^^^^^^^^^^

error: use of unsupported type name `Connection`
  --> $DIR/sql_table.rs:46:25
   |
46 |     connection2: Option<Connection>,
   |                         ^^^^^^^^^^

error: use of unsupported type name `Option<String>`
  --> $DIR/sql_table.rs:48:28
   |
48 |     nested_options: Option<Option<String>>,
   |                            ^^^^^^^^^^^^^^^

error: use of unsupported type name `DateTime`
  --> $DIR/sql_table.rs:50:15
   |
50 |     datetime: DateTime,
   |               ^^^^^^^^

error: use of unsupported type name `DateTime<i32>`
  --> $DIR/sql_table.rs:52:19
   |
52 |     datetime_i32: DateTime<i32>,
   |                   ^^^^^^^^^^^^^

error: use of unsupported type name `ForeignKey`
  --> $DIR/sql_table.rs:54:20
   |
54 |     foreign_value: ForeignKey,
   |                    ^^^^^^^^^^

error: use of unsupported type name `Option`
  --> $DIR/sql_table.rs:56:21
   |
56 |     optional_value: Option,
   |                     ^^^^^^

error: use of unsupported type name `Vec`
  --> $DIR/sql_table.rs:58:13
   |
58 |     vector: Vec,
   |             ^^^

error: use of unsupported type name `Vec<i32>`
  --> $DIR/sql_table.rs:60:17
   |
60 |     vector_i32: Vec<i32>,
   |                 ^^^^^^^^

error[E0106]: missing lifetime specifier
  --> $DIR/sql_table.rs:40:8
   |
40 | struct Table<'a> {
   |        ^^^^^ expected lifetime parameter

error[E0107]: wrong number of type arguments: expected 0, found 1
  --> $DIR/sql_table.rs:52:28
   |
52 |     datetime_i32: DateTime<i32>,
   |                            ^^^ unexpected type argument

error[E0107]: wrong number of type arguments: expected 1, found 0
  --> $DIR/sql_table.rs:54:20
   |
54 |     foreign_value: ForeignKey,
   |                    ^^^^^^^^^^ expected 1 type argument

error[E0107]: wrong number of type arguments: expected 1, found 0
  --> $DIR/sql_table.rs:56:21
   |
56 |     optional_value: Option,
   |                     ^^^^^^ expected 1 type argument

error[E0107]: wrong number of type arguments: expected 1, found 0
  --> $DIR/sql_table.rs:58:13
   |
58 |     vector: Vec,
   |             ^^^ expected 1 type argument

error: aborting due to 15 previous errors

Some errors occurred: E0106, E0107.
For more information about an error, try `rustc --explain E0106`.
